0 verbose cli /Users/bulksms-rorrick/.nvm/versions/node/v21.4.0/bin/node /Users/bulksms-rorrick/.nvm/versions/node/v21.4.0/bin/npm
1 info using npm@10.2.4
2 info using node@v21.4.0
3 timing npm:load:whichnode Completed in 3ms
4 timing config:load:defaults Completed in 3ms
5 timing config:load:file:/Users/bulksms-rorrick/.nvm/versions/node/v21.4.0/lib/node_modules/npm/npmrc Completed in 5ms
6 timing config:load:builtin Completed in 5ms
7 timing config:load:cli Completed in 4ms
8 timing config:load:env Completed in 0ms
9 timing config:load:file:/Users/bulksms-rorrick/Library/Caches/typescript/4.7/.npmrc Completed in 1ms
10 timing config:load:project Completed in 7ms
11 timing config:load:file:/Users/bulksms-rorrick/.npmrc Completed in 0ms
12 timing config:load:user Completed in 0ms
13 timing config:load:file:/Users/bulksms-rorrick/.nvm/versions/node/v21.4.0/etc/npmrc Completed in 0ms
14 timing config:load:global Completed in 0ms
15 timing config:load:setEnvs Completed in 0ms
16 timing config:load Completed in 21ms
17 timing npm:load:configload Completed in 21ms
18 timing config:load:flatten Completed in 3ms
19 timing npm:load:mkdirpcache Completed in 0ms
20 timing npm:load:mkdirplogs Completed in 0ms
21 verbose title npm install @types/inflight@ts4.7 @types/once@ts4.7 @types/path-is-absolute@ts4.7
22 verbose argv "install" "--ignore-scripts" "@types/inflight@ts4.7" "@types/once@ts4.7" "@types/path-is-absolute@ts4.7" "--save-dev" "--user-agent" "typesInstaller/4.7.3"
23 timing npm:load:setTitle Completed in 24ms
24 timing npm:load:display Completed in 0ms
25 verbose logfile logs-max:10 dir:/Users/bulksms-rorrick/.npm/_logs/2023-12-19T13_48_23_134Z-
26 verbose logfile /Users/bulksms-rorrick/.npm/_logs/2023-12-19T13_48_23_134Z-debug-0.log
27 timing npm:load:logFile Completed in 11ms
28 timing npm:load:timers Completed in 0ms
29 timing npm:load:configScope Completed in 0ms
30 timing npm:load Completed in 84ms
31 timing arborist:ctor Completed in 0ms
32 silly logfile done cleaning log files
33 timing idealTree:init Completed in 37ms
34 timing arborist:ctor Completed in 1ms
35 http fetch GET 200 https://registry.npmjs.org/@types%2fonce 2811ms (cache miss)
36 http fetch GET 200 https://registry.npmjs.org/@types%2finflight 2826ms (cache miss)
37 http fetch GET 200 https://registry.npmjs.org/@types%2fpath-is-absolute 2910ms (cache miss)
38 timing idealTree:userRequests Completed in 2916ms
39 silly idealTree buildDeps
40 silly fetch manifest @types/once@1.4.4
41 silly fetch manifest @types/inflight@1.0.1
42 silly fetch manifest @types/path-is-absolute@1.0.2
43 silly placeDep ROOT @types/inflight@1.0.1 OK for:  want: 1.0.1
44 silly placeDep ROOT @types/once@1.4.4 OK for:  want: 1.4.4
45 silly placeDep ROOT @types/path-is-absolute@1.0.2 OK for:  want: 1.0.2
46 timing idealTree:#root Completed in 12ms
47 timing idealTree:node_modules/@types/inflight Completed in 0ms
48 timing idealTree:node_modules/@types/once Completed in 0ms
49 timing idealTree:node_modules/@types/path-is-absolute Completed in 0ms
50 timing idealTree:buildDeps Completed in 14ms
51 timing idealTree:fixDepFlags Completed in 0ms
52 timing idealTree Completed in 2968ms
53 timing reify:loadTrees Completed in 2970ms
54 timing reify:diffTrees Completed in 6ms
55 silly reify moves {}
56 timing reify:retireShallow Completed in 2ms
57 timing reify:createSparse Completed in 1ms
58 timing reify:loadBundles Completed in 0ms
59 silly audit bulk request {
59 silly audit   '@babel/helper-validator-identifier': [ '7.18.6' ],
59 silly audit   '@babel/parser': [ '7.18.9' ],
59 silly audit   '@babel/types': [ '7.18.9' ],
59 silly audit   '@popperjs/core': [ '2.11.7' ],
59 silly audit   '@types/babel__core': [ '7.1.19' ],
59 silly audit   '@types/babel__generator': [ '7.6.4' ],
59 silly audit   '@types/babel__template': [ '7.4.1' ],
59 silly audit   '@types/babel__traverse': [ '7.17.1' ],
59 silly audit   '@types/babel-types': [ '7.0.11' ],
59 silly audit   '@types/bootstrap': [ '5.2.6' ],
59 silly audit   '@types/core-js': [ '2.5.5' ],
59 silly audit   '@types/debug': [ '4.1.7' ],
59 silly audit   '@types/eslint': [ '8.44.8' ],
59 silly audit   '@types/estree': [ '1.0.1' ],
59 silly audit   '@types/fibers': [ '3.1.1' ],
59 silly audit   '@types/graceful-fs': [ '4.1.8' ],
59 silly audit   '@types/inherits': [ '0.0.30' ],
59 silly audit   '@types/isexe': [ '2.0.1' ],
59 silly audit   '@types/istanbul': [ '0.4.30' ],
59 silly audit   '@types/istanbul-lib-coverage': [ '2.0.4' ],
59 silly audit   '@types/istanbul-lib-instrument': [ '1.7.4' ],
59 silly audit   '@types/jasmine': [ '4.3.0' ],
59 silly audit   '@types/jquery': [ '3.5.14' ],
59 silly audit   '@types/json-schema': [ '7.0.11' ],
59 silly audit   '@types/karma': [ '6.3.8' ],
59 silly audit   '@types/karma-chrome-launcher': [ '3.1.4' ],
59 silly audit   '@types/karma-coverage': [ '2.0.3' ],
59 silly audit   '@types/karma-jasmine': [ '4.0.5' ],
59 silly audit   '@types/karma-jasmine-html-reporter': [ '1.7.3' ],
59 silly audit   '@types/loader-runner': [ '2.2.6' ],
59 silly audit   '@types/lodash': [ '4.14.189' ],
59 silly audit   '@types/mocha': [ '10.0.1' ],
59 silly audit   '@types/ms': [ '0.7.31' ],
59 silly audit   '@types/neo-async': [ '2.6.3' ],
59 silly audit   '@types/node': [ '18.11.9' ],
59 silly audit   '@types/safer-buffer': [ '2.1.0' ],
59 silly audit   '@types/sizzle': [ '2.3.3' ],
59 silly audit   '@types/source-list-map': [ '0.1.4' ],
59 silly audit   '@types/watch': [ '1.0.3' ],
59 silly audit   '@types/webpack-sources': [ '3.2.2' ],
59 silly audit   'source-map': [ '0.7.4', '0.6.1' ],
59 silly audit   '@types/which': [ '2.0.1' ],
59 silly audit   'date-format': [ '4.0.13' ],
59 silly audit   debug: [ '4.3.4' ],
59 silly audit   flatted: [ '3.2.6' ],
59 silly audit   'fs-extra': [ '8.1.0' ],
59 silly audit   'graceful-fs': [ '4.2.10' ],
59 silly audit   jsonfile: [ '4.0.0' ],
59 silly audit   log4js: [ '6.6.0' ],
59 silly audit   ms: [ '2.1.2' ],
59 silly audit   rfdc: [ '1.3.0' ],
59 silly audit   streamroller: [ '3.1.2' ],
59 silly audit   'to-fast-properties': [ '2.0.0' ],
59 silly audit   'types-registry': [ '0.1.675' ],
59 silly audit   universalify: [ '0.1.2' ],
59 silly audit   '@types/inflight': [ '1.0.1' ],
59 silly audit   '@types/once': [ '1.4.4' ],
59 silly audit   '@types/path-is-absolute': [ '1.0.2' ]
59 silly audit }
60 silly tarball no local data for @types/path-is-absolute@https://registry.npmjs.org/@types/path-is-absolute/-/path-is-absolute-1.0.2.tgz. Extracting by manifest.
61 silly tarball no local data for @types/once@https://registry.npmjs.org/@types/once/-/once-1.4.4.tgz. Extracting by manifest.
62 silly tarball no local data for @types/inflight@https://registry.npmjs.org/@types/inflight/-/inflight-1.0.1.tgz. Extracting by manifest.
63 http fetch POST 200 https://registry.npmjs.org/-/npm/v1/security/advisories/bulk 357ms
64 timing auditReport:getReport Completed in 360ms
65 silly audit report {}
66 timing auditReport:init Completed in 0ms
67 timing reify:audit Completed in 361ms
68 http fetch GET 200 https://registry.npmjs.org/@types/path-is-absolute/-/path-is-absolute-1.0.2.tgz 1358ms (cache miss)
69 timing reifyNode:node_modules/@types/path-is-absolute Completed in 1368ms
70 http fetch GET 200 https://registry.npmjs.org/@types/once/-/once-1.4.4.tgz 1380ms (cache miss)
71 timing reifyNode:node_modules/@types/once Completed in 1390ms
72 http fetch GET 200 https://registry.npmjs.org/@types/inflight/-/inflight-1.0.1.tgz 1398ms (cache miss)
73 timing reifyNode:node_modules/@types/inflight Completed in 1409ms
74 timing reify:unpack Completed in 1409ms
75 timing reify:unretire Completed in 1ms
76 timing build:queue Completed in 1ms
77 timing build:deps Completed in 1ms
78 timing build Completed in 1ms
79 timing reify:build Completed in 1ms
80 timing reify:trash Completed in 0ms
81 timing reify:save Completed in 30ms
82 timing reify Completed in 4444ms
83 silly ADD node_modules/@types/path-is-absolute
84 silly ADD node_modules/@types/once
85 silly ADD node_modules/@types/inflight
86 timing command:install Completed in 4451ms
87 verbose exit 0
88 timing npm Completed in 4947ms
89 info ok
