0 verbose cli /Users/bulksms-rorrick/.nvm/versions/node/v21.4.0/bin/node /Users/bulksms-rorrick/.nvm/versions/node/v21.4.0/bin/npm
1 info using npm@10.2.4
2 info using node@v21.4.0
3 timing npm:load:whichnode Completed in 3ms
4 timing config:load:defaults Completed in 3ms
5 timing config:load:file:/Users/bulksms-rorrick/.nvm/versions/node/v21.4.0/lib/node_modules/npm/npmrc Completed in 7ms
6 timing config:load:builtin Completed in 7ms
7 timing config:load:cli Completed in 3ms
8 timing config:load:env Completed in 0ms
9 timing config:load:project Completed in 7ms
10 timing config:load:file:/Users/bulksms-rorrick/.npmrc Completed in 0ms
11 timing config:load:user Completed in 0ms
12 timing config:load:file:/Users/bulksms-rorrick/.nvm/versions/node/v21.4.0/etc/npmrc Completed in 0ms
13 timing config:load:global Completed in 0ms
14 timing config:load:setEnvs Completed in 1ms
15 timing config:load Completed in 23ms
16 timing npm:load:configload Completed in 23ms
17 timing config:load:flatten Completed in 3ms
18 timing npm:load:mkdirpcache Completed in 0ms
19 timing npm:load:mkdirplogs Completed in 1ms
20 verbose title npm i gitignore
21 verbose argv "i" "gitignore"
22 timing npm:load:setTitle Completed in 22ms
23 timing npm:load:display Completed in 0ms
24 verbose logfile logs-max:10 dir:/Users/bulksms-rorrick/.npm/_logs/2023-12-19T13_36_37_245Z-
25 verbose logfile /Users/bulksms-rorrick/.npm/_logs/2023-12-19T13_36_37_245Z-debug-0.log
26 timing npm:load:logFile Completed in 15ms
27 timing npm:load:timers Completed in 0ms
28 timing npm:load:configScope Completed in 0ms
29 timing npm:load Completed in 86ms
30 timing arborist:ctor Completed in 1ms
31 silly logfile done cleaning log files
32 timing idealTree:init Completed in 162ms
33 timing idealTree:userRequests Completed in 2ms
34 silly idealTree buildDeps
35 silly fetch manifest gitignore@*
36 timing arborist:ctor Completed in 0ms
37 http fetch GET 200 https://registry.npmjs.org/gitignore 1564ms (cache miss)
38 silly placeDep ROOT gitignore@0.7.0 OK for:  want: *
39 timing idealTree:#root Completed in 1574ms
40 silly fetch manifest @angular/core@15.2.10
41 http fetch GET 200 https://registry.npmjs.org/@angular%2fcore 244ms (cache miss)
42 silly fetch manifest rxjs@^6.5.3 || ^7.4.0
43 http fetch GET 200 https://registry.npmjs.org/rxjs 91ms (cache miss)
44 silly fetch manifest zone.js@~0.11.4 || ~0.12.0 || ~0.13.0
45 http fetch GET 200 https://registry.npmjs.org/zone.js 90ms (cache miss)
46 timing idealTree Completed in 2197ms
47 timing command:i Completed in 2209ms
48 verbose stack Error: could not resolve
48 verbose stack     at PlaceDep.failPeerConflict (/Users/bulksms-rorrick/.nvm/versions/node/v21.4.0/lib/node_modules/npm/node_modules/@npmcli/arborist/lib/place-dep.js:503:25)
48 verbose stack     at new PlaceDep (/Users/bulksms-rorrick/.nvm/versions/node/v21.4.0/lib/node_modules/npm/node_modules/@npmcli/arborist/lib/place-dep.js:157:21)
48 verbose stack     at #buildDepStep (/Users/bulksms-rorrick/.nvm/versions/node/v21.4.0/lib/node_modules/npm/node_modules/@npmcli/arborist/lib/arborist/build-ideal-tree.js:933:18)
48 verbose stack     at async Arborist.buildIdealTree (/Users/bulksms-rorrick/.nvm/versions/node/v21.4.0/lib/node_modules/npm/node_modules/@npmcli/arborist/lib/arborist/build-ideal-tree.js:196:7)
48 verbose stack     at async Promise.all (index 1)
48 verbose stack     at async Arborist.reify (/Users/bulksms-rorrick/.nvm/versions/node/v21.4.0/lib/node_modules/npm/node_modules/@npmcli/arborist/lib/arborist/reify.js:159:5)
48 verbose stack     at async Install.exec (/Users/bulksms-rorrick/.nvm/versions/node/v21.4.0/lib/node_modules/npm/lib/commands/install.js:152:5)
48 verbose stack     at async module.exports (/Users/bulksms-rorrick/.nvm/versions/node/v21.4.0/lib/node_modules/npm/lib/cli-entry.js:61:5)
49 verbose cwd /Users/bulksms-rorrick/Documents/gitProjects/typescript_training
50 verbose Darwin 20.6.0
51 verbose node v21.4.0
52 verbose npm  v10.2.4
53 error code ERESOLVE
54 error ERESOLVE could not resolve
55 error
56 error While resolving: [1m@angular/common[22m@[1m15.2.10[22m
56 error Found: [1m@angular/core[22m@[1m15.0.4[22m[2m[22m
56 error [2mnode_modules/@angular/core[22m
56 error   [35mpeer[39m [1m@angular/core[22m@"[1m15.0.4[22m" from [1m@angular/animations[22m@[1m15.0.4[22m[2m[22m
56 error   [2mnode_modules/@angular/animations[22m
56 error     [35mpeer[39m [1m@angular/animations[22m@"[1m^15.0.0 || ^16.0.0[22m" from [1m@angular/material[22m@[1m15.0.3[22m[2m[22m
56 error     [2mnode_modules/@angular/material[22m
56 error       [1m@angular/material[22m@"[1m^15.0.3[22m" from the root project
56 error     [1m@angular/animations[22m@"[1m^15.0.4[22m" from the root project
56 error   [35mpeer[39m [1m@angular/core[22m@"[1m^14.0.0 || ^15.0.0[22m" from [1m@angular/cdk[22m@[1m14.2.7[22m[2m[22m
56 error   [2mnode_modules/@angular/cdk[22m
56 error     [1m@angular/cdk[22m@"[1m^14.2.7[22m" from the root project
56 error   3 more (@angular/material, highcharts-angular, ng-recaptcha)
56 error
56 error Could not resolve dependency:
56 error [35mpeer[39m [1m@angular/core[22m@"[1m15.2.10[22m" from [1m@angular/common[22m@[1m15.2.10[22m[2m[22m
56 error [2mnode_modules/@angular/common[22m
56 error   [35mpeer[39m [1m@angular/common[22m@"[1m^14.0.0 || ^15.0.0[22m" from [1m@angular/cdk[22m@[1m14.2.7[22m[2m[22m
56 error   [2mnode_modules/@angular/cdk[22m
56 error     [1m@angular/cdk[22m@"[1m^14.2.7[22m" from the root project
56 error   [35mpeer[39m [1m@angular/common[22m@"[1m^15.0.0 || ^16.0.0[22m" from [1m@angular/material[22m@[1m15.0.3[22m[2m[22m
56 error   [2mnode_modules/@angular/material[22m
56 error     [1m@angular/material[22m@"[1m^15.0.3[22m" from the root project
56 error   1 more (highcharts-angular)
56 error
56 error Conflicting peer dependency: [1m@angular/core[22m@[1m15.2.10[22m[2m[22m
56 error [2mnode_modules/@angular/core[22m
56 error   [35mpeer[39m [1m@angular/core[22m@"[1m15.2.10[22m" from [1m@angular/common[22m@[1m15.2.10[22m[2m[22m
56 error   [2mnode_modules/@angular/common[22m
56 error     [35mpeer[39m [1m@angular/common[22m@"[1m^14.0.0 || ^15.0.0[22m" from [1m@angular/cdk[22m@[1m14.2.7[22m[2m[22m
56 error     [2mnode_modules/@angular/cdk[22m
56 error       [1m@angular/cdk[22m@"[1m^14.2.7[22m" from the root project
56 error     [35mpeer[39m [1m@angular/common[22m@"[1m^15.0.0 || ^16.0.0[22m" from [1m@angular/material[22m@[1m15.0.3[22m[2m[22m
56 error     [2mnode_modules/@angular/material[22m
56 error       [1m@angular/material[22m@"[1m^15.0.3[22m" from the root project
56 error     1 more (highcharts-angular)
56 error
56 error Fix the upstream dependency conflict, or retry
56 error this command with --force or --legacy-peer-deps
56 error to accept an incorrect (and potentially broken) dependency resolution.
57 error
57 error
57 error For a full report see:
57 error /Users/bulksms-rorrick/.npm/_logs/2023-12-19T13_36_37_245Z-eresolve-report.txt
58 verbose exit 1
59 timing npm Completed in 2780ms
60 verbose unfinished npm timer reify 1702992997825
61 verbose unfinished npm timer reify:loadTrees 1702992997831
62 verbose unfinished npm timer idealTree:buildDeps 1702992997996
63 verbose unfinished npm timer idealTree:node_modules/@angular/common 1702992999571
64 verbose code 1
65 error A complete log of this run can be found in: /Users/bulksms-rorrick/.npm/_logs/2023-12-19T13_36_37_245Z-debug-0.log
