0 verbose cli /Users/bulksms-rorrick/.nvm/versions/node/v21.4.0/bin/node /Users/bulksms-rorrick/.nvm/versions/node/v21.4.0/bin/npm
0 verbose cli /Users/bulksms-rorrick/.nvm/versions/node/v21.4.0/bin/node /Users/bulksms-rorrick/.nvm/versions/node/v21.4.0/bin/npm
1 info using npm@10.2.4
2 info using node@v21.4.0
3 timing npm:load:whichnode Completed in 3ms
4 timing config:load:defaults Completed in 2ms
5 timing config:load:file:/Users/bulksms-rorrick/.nvm/versions/node/v21.4.0/lib/node_modules/npm/npmrc Completed in 5ms
1 info using npm@10.2.4
6 timing config:load:builtin Completed in 5ms
2 info using node@v21.4.0
3 timing npm:load:whichnode Completed in 3ms
4 timing config:load:defaults Completed in 2ms
5 timing config:load:file:/Users/bulksms-rorrick/.nvm/versions/node/v21.4.0/lib/node_modules/npm/npmrc Completed in 5ms
6 timing config:load:builtin Completed in 5ms
7 timing config:load:cli Completed in 2ms
8 timing config:load:env Completed in 0ms
7 timing config:load:cli Completed in 2ms
8 timing config:load:env Completed in 0ms
9 timing config:load:file:/Users/bulksms-rorrick/Library/Caches/typescript/4.7/.npmrc Completed in 0ms
10 timing config:load:project Completed in 14ms
11 timing config:load:file:/Users/bulksms-rorrick/.npmrc Completed in 0ms
12 timing config:load:user Completed in 0ms
9 timing config:load:file:/.npmrc Completed in 1ms
13 timing config:load:file:/Users/bulksms-rorrick/.nvm/versions/node/v21.4.0/etc/npmrc Completed in 0ms
14 timing config:load:global Completed in 0ms
10 timing config:load:project Completed in 13ms
15 timing config:load:setEnvs Completed in 1ms
11 timing config:load:file:/Users/bulksms-rorrick/.npmrc Completed in 0ms
16 timing config:load Completed in 25ms
12 timing config:load:user Completed in 0ms
13 timing config:load:file:/Users/bulksms-rorrick/.nvm/versions/node/v21.4.0/etc/npmrc Completed in 0ms
14 timing config:load:global Completed in 0ms
15 timing config:load:setEnvs Completed in 1ms
16 timing config:load Completed in 23ms
17 timing npm:load:configload Completed in 25ms
17 timing npm:load:configload Completed in 23ms
18 timing config:load:flatten Completed in 3ms
18 timing config:load:flatten Completed in 3ms
19 timing npm:load:mkdirpcache Completed in 0ms
19 timing npm:load:mkdirpcache Completed in 0ms
20 timing npm:load:mkdirplogs Completed in 1ms
20 timing npm:load:mkdirplogs Completed in 1ms
21 verbose title npm install types-registry@latest
21 verbose title npm config get prefix
22 verbose argv "install" "--ignore-scripts" "types-registry@latest"
22 verbose argv "config" "get" "prefix"
23 timing npm:load:setTitle Completed in 23ms
23 timing npm:load:setTitle Completed in 23ms
24 timing npm:load:display Completed in 1ms
24 timing npm:load:display Completed in 1ms
25 verbose logfile logs-max:10 dir:/Users/bulksms-rorrick/.npm/_logs/2023-12-19T07_48_31_898Z-
25 verbose logfile logs-max:10 dir:/Users/bulksms-rorrick/.npm/_logs/2023-12-19T07_48_31_898Z-
0 verbose cli /Users/bulksms-rorrick/.nvm/versions/node/v21.4.0/bin/node /Users/bulksms-rorrick/.nvm/versions/node/v21.4.0/bin/npm
1 info using npm@10.2.4
2 info using node@v21.4.0
3 timing npm:load:whichnode Completed in 3ms
4 timing config:load:defaults Completed in 2ms
5 timing config:load:file:/Users/bulksms-rorrick/.nvm/versions/node/v21.4.0/lib/node_modules/npm/npmrc Completed in 4ms
6 timing config:load:builtin Completed in 4ms
7 timing config:load:cli Completed in 2ms
8 timing config:load:env Completed in 1ms
9 timing config:load:file:/.npmrc Completed in 1ms
10 timing config:load:project Completed in 13ms
11 timing config:load:file:/Users/bulksms-rorrick/.npmrc Completed in 0ms
12 timing config:load:user Completed in 0ms
13 timing config:load:file:/Users/bulksms-rorrick/.nvm/versions/node/v21.4.0/etc/npmrc Completed in 0ms
14 timing config:load:global Completed in 0ms
15 timing config:load:setEnvs Completed in 1ms
16 timing config:load Completed in 23ms
17 timing npm:load:configload Completed in 23ms
18 timing config:load:flatten Completed in 3ms
19 timing npm:load:mkdirpcache Completed in 0ms
20 timing npm:load:mkdirplogs Completed in 1ms
21 verbose title npm config get prefix
22 verbose argv "config" "get" "prefix"
23 timing npm:load:setTitle Completed in 25ms
24 timing npm:load:display Completed in 1ms
25 verbose logfile logs-max:10 dir:/Users/bulksms-rorrick/.npm/_logs/2023-12-19T07_48_31_898Z-
26 verbose logfile /Users/bulksms-rorrick/.npm/_logs/2023-12-19T07_48_31_898Z-debug-0.log
27 timing npm:load:logFile Completed in 10ms
28 timing npm:load:timers Completed in 0ms
29 timing npm:load:configScope Completed in 1ms
30 timing npm:load Completed in 81ms
26 verbose logfile /Users/bulksms-rorrick/.npm/_logs/2023-12-19T07_48_31_898Z-debug-0.log
27 timing npm:load:logFile Completed in 11ms
28 timing npm:load:timers Completed in 0ms
29 timing npm:load:configScope Completed in 0ms
30 timing npm:load Completed in 82ms
26 verbose logfile /Users/bulksms-rorrick/.npm/_logs/2023-12-19T07_48_31_898Z-debug-0.log
27 timing npm:load:logFile Completed in 10ms
28 timing npm:load:timers Completed in 0ms
29 timing npm:load:configScope Completed in 0ms
30 timing npm:load Completed in 82ms
31 timing command:config Completed in 3ms
31 timing command:config Completed in 3ms
32 verbose exit 0
32 verbose exit 0
33 timing npm Completed in 178ms
33 timing npm Completed in 178ms
34 info ok
34 info ok
31 timing arborist:ctor Completed in 1ms
32 silly logfile done cleaning log files
33 timing idealTree:init Completed in 33ms
34 timing arborist:ctor Completed in 1ms
35 http fetch GET 200 https://registry.npmjs.org/types-registry 274ms (cache miss)
36 timing idealTree:userRequests Completed in 280ms
37 silly idealTree buildDeps
38 silly fetch manifest types-registry@0.1.675
39 silly placeDep ROOT types-registry@0.1.675 REPLACE for:  want: 0.1.675
40 timing idealTree:#root Completed in 7ms
41 timing idealTree:node_modules/types-registry Completed in 0ms
42 timing idealTree:buildDeps Completed in 9ms
43 timing idealTree:fixDepFlags Completed in 0ms
44 timing idealTree Completed in 324ms
45 timing reify:loadTrees Completed in 324ms
46 timing reify:diffTrees Completed in 3ms
47 silly reify moves {}
48 timing reify:retireShallow Completed in 2ms
49 timing reify:createSparse Completed in 0ms
50 timing reify:loadBundles Completed in 0ms
51 silly audit bulk request {
51 silly audit   '@babel/helper-validator-identifier': [ '7.18.6' ],
51 silly audit   '@babel/parser': [ '7.18.9' ],
51 silly audit   '@babel/types': [ '7.18.9' ],
51 silly audit   '@popperjs/core': [ '2.11.7' ],
51 silly audit   '@types/babel__core': [ '7.1.19' ],
51 silly audit   '@types/babel__generator': [ '7.6.4' ],
51 silly audit   '@types/babel__template': [ '7.4.1' ],
51 silly audit   '@types/babel__traverse': [ '7.17.1' ],
51 silly audit   '@types/babel-types': [ '7.0.11' ],
51 silly audit   '@types/bootstrap': [ '5.2.6' ],
51 silly audit   '@types/core-js': [ '2.5.5' ],
51 silly audit   '@types/debug': [ '4.1.7' ],
51 silly audit   '@types/eslint': [ '8.44.8' ],
51 silly audit   '@types/estree': [ '1.0.1' ],
51 silly audit   '@types/fibers': [ '3.1.1' ],
51 silly audit   '@types/graceful-fs': [ '4.1.8' ],
51 silly audit   '@types/inherits': [ '0.0.30' ],
51 silly audit   '@types/isexe': [ '2.0.1' ],
51 silly audit   '@types/istanbul': [ '0.4.30' ],
51 silly audit   '@types/istanbul-lib-coverage': [ '2.0.4' ],
51 silly audit   '@types/istanbul-lib-instrument': [ '1.7.4' ],
51 silly audit   '@types/jasmine': [ '4.3.0' ],
51 silly audit   '@types/jquery': [ '3.5.14' ],
51 silly audit   '@types/json-schema': [ '7.0.11' ],
51 silly audit   '@types/karma': [ '6.3.8' ],
51 silly audit   '@types/karma-chrome-launcher': [ '3.1.4' ],
51 silly audit   '@types/karma-coverage': [ '2.0.3' ],
51 silly audit   '@types/karma-jasmine': [ '4.0.5' ],
51 silly audit   '@types/karma-jasmine-html-reporter': [ '1.7.3' ],
51 silly audit   '@types/loader-runner': [ '2.2.6' ],
51 silly audit   '@types/lodash': [ '4.14.189' ],
51 silly audit   '@types/mocha': [ '10.0.1' ],
51 silly audit   '@types/ms': [ '0.7.31' ],
51 silly audit   '@types/neo-async': [ '2.6.3' ],
51 silly audit   '@types/node': [ '18.11.9' ],
51 silly audit   '@types/safer-buffer': [ '2.1.0' ],
51 silly audit   '@types/sizzle': [ '2.3.3' ],
51 silly audit   '@types/source-list-map': [ '0.1.4' ],
51 silly audit   '@types/watch': [ '1.0.3' ],
51 silly audit   '@types/webpack-sources': [ '3.2.2' ],
51 silly audit   'source-map': [ '0.7.4', '0.6.1' ],
51 silly audit   '@types/which': [ '2.0.1' ],
51 silly audit   'date-format': [ '4.0.13' ],
51 silly audit   debug: [ '4.3.4' ],
51 silly audit   flatted: [ '3.2.6' ],
51 silly audit   'fs-extra': [ '8.1.0' ],
51 silly audit   'graceful-fs': [ '4.2.10' ],
51 silly audit   jsonfile: [ '4.0.0' ],
51 silly audit   log4js: [ '6.6.0' ],
51 silly audit   ms: [ '2.1.2' ],
51 silly audit   rfdc: [ '1.3.0' ],
51 silly audit   streamroller: [ '3.1.2' ],
51 silly audit   'to-fast-properties': [ '2.0.0' ],
51 silly audit   universalify: [ '0.1.2' ],
51 silly audit   'types-registry': [ '0.1.675' ]
51 silly audit }
52 timing reify:unpack Completed in 0ms
53 timing reify:unretire Completed in 0ms
54 timing build:queue Completed in 0ms
55 timing build:deps Completed in 0ms
56 timing build Completed in 0ms
57 timing reify:build Completed in 0ms
58 timing reify:trash Completed in 0ms
59 timing reify:save Completed in 25ms
60 http fetch POST 200 https://registry.npmjs.org/-/npm/v1/security/advisories/bulk 334ms
61 timing auditReport:getReport Completed in 337ms
62 silly audit report {}
63 timing auditReport:init Completed in 0ms
64 timing reify:audit Completed in 338ms
65 timing reify Completed in 674ms
66 timing command:install Completed in 682ms
67 verbose exit 0
68 timing npm Completed in 1103ms
69 info ok
